<?xml version="1.0" encoding="UTF-8"?>
<testng-results ignored="0" total="2" passed="2" failed="0" skipped="0">
  <reporter-output>
  </reporter-output>
  <suite started-at="2025-05-30T19:26:57 IST" name="Playwright Test Suite" finished-at="2025-05-30T19:27:24 IST" duration-ms="26702">
    <groups>
    </groups>
    <test started-at="2025-05-30T19:26:57 IST" name="Sample Test" finished-at="2025-05-30T19:27:24 IST" duration-ms="26702">
      <class name="TestPages.SampleTest">
        <test-method is-config="true" signature="beforeSuite()[pri:0, instance:TestPages.SampleTest@7dfb0c0f]" started-at="2025-05-30T19:26:57 IST" name="beforeSuite" finished-at="2025-05-30T19:26:57 IST" duration-ms="310" status="PASS">
          <reporter-output>
          </reporter-output>
        </test-method> <!-- beforeSuite -->
        <test-method is-config="true" signature="beforeMethod(java.lang.reflect.Method)[pri:0, instance:TestPages.SampleTest@7dfb0c0f]" started-at="2025-05-30T19:26:57 IST" name="beforeMethod" finished-at="2025-05-30T19:27:08 IST" duration-ms="11130" status="PASS">
          <params>
            <param index="0">
              <value>
                <![CDATA[public void TestPages.SampleTest.testAmazonTitle()]]>
              </value>
            </param>
          </params>
          <reporter-output>
          </reporter-output>
        </test-method> <!-- beforeMethod -->
        <test-method signature="testAmazonTitle()[pri:0, instance:TestPages.SampleTest@7dfb0c0f]" started-at="2025-05-30T19:27:08 IST" name="testAmazonTitle" finished-at="2025-05-30T19:27:17 IST" duration-ms="8848" status="PASS">
          <reporter-output>
          </reporter-output>
        </test-method> <!-- testAmazonTitle -->
        <test-method is-config="true" signature="afterMethod(org.testng.ITestResult)[pri:0, instance:TestPages.SampleTest@7dfb0c0f]" started-at="2025-05-30T19:27:17 IST" name="afterMethod" finished-at="2025-05-30T19:27:18 IST" duration-ms="942" status="PASS">
          <params>
            <param index="0">
              <value>
                <![CDATA[[TestResult name=testAmazonTitle status=SUCCESS method=SampleTest.testAmazonTitle()[pri:0, instance:TestPages.SampleTest@7dfb0c0f] output={null}]]]>
              </value>
            </param>
          </params>
          <reporter-output>
          </reporter-output>
        </test-method> <!-- afterMethod -->
        <test-method is-config="true" signature="beforeMethod(java.lang.reflect.Method)[pri:0, instance:TestPages.SampleTest@7dfb0c0f]" started-at="2025-05-30T19:27:18 IST" name="beforeMethod" finished-at="2025-05-30T19:27:20 IST" duration-ms="1533" status="PASS">
          <params>
            <param index="0">
              <value>
                <![CDATA[public void TestPages.SampleTest.testGoogleTitle()]]>
              </value>
            </param>
          </params>
          <reporter-output>
          </reporter-output>
        </test-method> <!-- beforeMethod -->
        <test-method signature="testGoogleTitle()[pri:0, instance:TestPages.SampleTest@7dfb0c0f]" started-at="2025-05-30T19:27:20 IST" name="testGoogleTitle" finished-at="2025-05-30T19:27:23 IST" duration-ms="3411" status="PASS">
          <reporter-output>
          </reporter-output>
        </test-method> <!-- testGoogleTitle -->
        <test-method is-config="true" signature="afterMethod(org.testng.ITestResult)[pri:0, instance:TestPages.SampleTest@7dfb0c0f]" started-at="2025-05-30T19:27:23 IST" name="afterMethod" finished-at="2025-05-30T19:27:24 IST" duration-ms="766" status="PASS">
          <params>
            <param index="0">
              <value>
                <![CDATA[[TestResult name=testGoogleTitle status=SUCCESS method=SampleTest.testGoogleTitle()[pri:0, instance:TestPages.SampleTest@7dfb0c0f] output={null}]]]>
              </value>
            </param>
          </params>
          <reporter-output>
          </reporter-output>
        </test-method> <!-- afterMethod -->
        <test-method is-config="true" signature="afterSuite()[pri:0, instance:TestPages.SampleTest@7dfb0c0f]" started-at="2025-05-30T19:27:24 IST" name="afterSuite" finished-at="2025-05-30T19:27:24 IST" duration-ms="590" status="PASS">
          <reporter-output>
          </reporter-output>
        </test-method> <!-- afterSuite -->
      </class> <!-- TestPages.SampleTest -->
    </test> <!-- Sample Test -->
  </suite> <!-- Playwright Test Suite -->
</testng-results>
